22:56:40 **** Rebuild of configuration Debug for project Task1 ****
Info: Internal Builder is used for build
gcc -O0 -g3 -Wall -c -fmessage-length=0 -o problem2.o "..\\problem2.c" 
..\problem2.c: In function 'main':
..\problem2.c:6:6: warning: unused variable 'num' [-Wunused-variable]
  int num;
      ^~~
gcc -o Task1.exe problem2.o 
22:59:05 **** Incremental Build of configuration Debug for project Task1 ****
Info: Internal Builder is used for build
gcc -O0 -g3 -Wall -c -fmessage-length=0 -o problem2.o "..\\problem2.c" 
gcc -o Task1.exe problem2.o 
Info: Nothing to build for Task1
23:00:20 **** Incremental Build of configuration Debug for project Task1 ****
Info: Internal Builder is used for build
gcc -O0 -g3 -Wall -c -fmessage-length=0 -o problem2.o "..\\problem2.c" 
gcc -o Task1.exe problem2.o 
Info: Nothing to build for Task1
23:09:23 **** Incremental Build of configuration Debug for project Task1 ****
Info: Internal Builder is used for build
gcc -O0 -g3 -Wall -c -fmessage-length=0 -o problem2.o "..\\problem2.c" 
gcc -O0 -g3 -Wall -c -fmessage-length=0 -o problem4.o "..\\problem4.c" 
..\problem4.c: In function 'main':
..\problem4.c:18:27: warning: implicit declaration of function 'prinf' [-Wimplicit-function-declaration]
  c == 'a' ? printf("yes"):prinf("no");
                           ^~~~~
gcc -o Task1.exe problem2.o problem4.o 
problem4.o: In function `main':
C:\Users\mohamed\Desktop\Task1\Task1\Debug/../problem4.c:18: undefined reference to `prinf'
collect2.exe: error: ld returned 1 exit status
23:09:32 **** Incremental Build of configuration Debug for project Task1 ****
Info: Internal Builder is used for build
gcc -O0 -g3 -Wall -c -fmessage-length=0 -o problem4.o "..\\problem4.c" 
gcc -o Task1.exe problem2.o problem4.o 
Info: Nothing to build for Task1
Info: Nothing to build for Task1
23:12:14 **** Incremental Build of configuration Debug for project Task1 ****
Info: Internal Builder is used for build
gcc -O0 -g3 -Wall -c -fmessage-length=0 -o problem4.o "..\\problem4.c" 
gcc -o Task1.exe problem2.o problem4.o 
Info: Nothing to build for Task1
Info: Nothing to build for Task1
Info: Nothing to build for Task1
Info: Nothing to build for Task1
Info: Nothing to build for Task1
23:43:15 **** Incremental Build of configuration Debug for project Task1 ****
Info: Internal Builder is used for build
gcc -O0 -g3 -Wall -c -fmessage-length=0 -o problem5.o "..\\problem5.c" 
..\problem5.c: In function 'squar_root':
..\problem5.c:14:24: error: 'num' undeclared (first use in this function)
  int start = 0 , end = num;
                        ^~~
..\problem5.c:14:24: note: each undeclared identifier is reported only once for each function it appears in
23:43:24 **** Incremental Build of configuration Debug for project Task1 ****
Info: Internal Builder is used for build
gcc -O0 -g3 -Wall -c -fmessage-length=0 -o problem4.o "..\\problem4.c" 
gcc -O0 -g3 -Wall -c -fmessage-length=0 -o problem5.o "..\\problem5.c" 
gcc -o Task1.exe problem2.o problem4.o problem5.o 
Info: Nothing to build for Task1
23:44:36 **** Incremental Build of configuration Debug for project Task1 ****
Info: Internal Builder is used for build
gcc -O0 -g3 -Wall -c -fmessage-length=0 -o problem5.o "..\\problem5.c" 
gcc -o Task1.exe problem2.o problem4.o problem5.o 
Info: Nothing to build for Task1
23:44:52 **** Incremental Build of configuration Debug for project Task1 ****
Info: Internal Builder is used for build
gcc -O0 -g3 -Wall -c -fmessage-length=0 -o problem5.o "..\\problem5.c" 
gcc -o Task1.exe problem2.o problem4.o problem5.o 
Info: Nothing to build for Task1
23:54:59 **** Incremental Build of configuration Debug for project Task1 ****
Info: Internal Builder is used for build
gcc -O0 -g3 -Wall -c -fmessage-length=0 -o problem5.o "..\\problem5.c" 
gcc -O0 -g3 -Wall -c -fmessage-length=0 -o problem6.o "..\\problem6.c" 
..\problem6.c:13:6: error: array type has incomplete element type 'char[]'
 char num_words[][] = {"one", "two", "three", "four", "five", "six" , "seven", "eight", "nine"};
      ^~~~~~~~~
..\problem6.c:13:6: note: declaration of 'num_words' as multidimensional array must have bounds for all dimensions except the first
23:55:28 **** Incremental Build of configuration Debug for project Task1 ****
Info: Internal Builder is used for build
gcc -O0 -g3 -Wall -c -fmessage-length=0 -o problem6.o "..\\problem6.c" 
..\problem6.c:13:28: error: excess elements in char array initializer
 char num_words[] = {"one", "two", "three", "four", "five", "six" , "seven", "eight", "nine"};
                            ^~~~~
..\problem6.c:13:28: note: (near initialization for 'num_words')
..\problem6.c:13:35: error: excess elements in char array initializer
 char num_words[] = {"one", "two", "three", "four", "five", "six" , "seven", "eight", "nine"};
                                   ^~~~~~~
..\problem6.c:13:35: note: (near initialization for 'num_words')
..\problem6.c:13:44: error: excess elements in char array initializer
 char num_words[] = {"one", "two", "three", "four", "five", "six" , "seven", "eight", "nine"};
                                            ^~~~~~
..\problem6.c:13:44: note: (near initialization for 'num_words')
..\problem6.c:13:52: error: excess elements in char array initializer
 char num_words[] = {"one", "two", "three", "four", "five", "six" , "seven", "eight", "nine"};
                                                    ^~~~~~
..\problem6.c:13:52: note: (near initialization for 'num_words')
..\problem6.c:13:60: error: excess elements in char array initializer
 char num_words[] = {"one", "two", "three", "four", "five", "six" , "seven", "eight", "nine"};
                                                            ^~~~~
..\problem6.c:13:60: note: (near initialization for 'num_words')
..\problem6.c:13:68: error: excess elements in char array initializer
 char num_words[] = {"one", "two", "three", "four", "five", "six" , "seven", "eight", "nine"};
                                                                    ^~~~~~~
..\problem6.c:13:68: note: (near initialization for 'num_words')
..\problem6.c:13:77: error: excess elements in char array initializer
 char num_words[] = {"one", "two", "three", "four", "five", "six" , "seven", "eight", "nine"};
                                                                             ^~~~~~~
..\problem6.c:13:77: note: (near initialization for 'num_words')
..\problem6.c:13:86: error: excess elements in char array initializer
 char num_words[] = {"one", "two", "three", "four", "five", "six" , "seven", "eight", "nine"};
                                                                                      ^~~~~~
..\problem6.c:13:86: note: (near initialization for 'num_words')
..\problem6.c: In function 'main':
..\problem6.c:19:11: warning: format '%s' expects argument of type 'char *', but argument 2 has type 'int' [-Wformat=]
  printf("%s", num_words[0]);
           ^
23:56:06 **** Incremental Build of configuration Debug for project Task1 ****
Info: Internal Builder is used for build
gcc -O0 -g3 -Wall -c -fmessage-length=0 -o problem6.o "..\\problem6.c" 
gcc -o Task1.exe problem2.o problem4.o problem5.o problem6.o 
Info: Nothing to build for Task1
00:01:38 **** Incremental Build of configuration Debug for project Task1 ****
Info: Internal Builder is used for build
gcc -O0 -g3 -Wall -c -fmessage-length=0 -o problem6.o "..\\problem6.c" 
..\problem6.c: In function 'num2word':
..\problem6.c:26:6: warning: implicit declaration of function 'printDigit' [-Wimplicit-function-declaration]
      printDigit(N / 10);
      ^~~~~~~~~~
gcc -o Task1.exe problem2.o problem4.o problem5.o problem6.o 
problem6.o: In function `num2word':
C:\Users\mohamed\Desktop\Task1\Task1\Debug/../problem6.c:26: undefined reference to `printDigit'
collect2.exe: error: ld returned 1 exit status
00:01:54 **** Incremental Build of configuration Debug for project Task1 ****
Info: Internal Builder is used for build
gcc -O0 -g3 -Wall -c -fmessage-length=0 -o problem6.o "..\\problem6.c" 
gcc -o Task1.exe problem2.o problem4.o problem5.o problem6.o 
Info: Nothing to build for Task1
00:05:16 **** Incremental Build of configuration Debug for project Task1 ****
Info: Internal Builder is used for build
gcc -O0 -g3 -Wall -c -fmessage-length=0 -o problem6.o "..\\problem6.c" 
gcc -o Task1.exe problem2.o problem4.o problem5.o problem6.o 
Info: Nothing to build for Task1
00:21:34 **** Incremental Build of configuration Debug for project Task1 ****
Info: Internal Builder is used for build
gcc -O0 -g3 -Wall -c -fmessage-length=0 -o problem6.o "..\\problem6.c" 
gcc -O0 -g3 -Wall -c -fmessage-length=0 -o problem8.o "..\\problem8.c" 
..\problem8.c: In function 'main':
..\problem8.c:21:10: warning: format '%d' expects argument of type 'int *', but argument 2 has type 'float *' [-Wformat=]
  scanf("%d%d%d", &a, &b, &c);
          ^
..\problem8.c:21:12: warning: format '%d' expects argument of type 'int *', but argument 3 has type 'float *' [-Wformat=]
  scanf("%d%d%d", &a, &b, &c);
            ^
..\problem8.c:21:14: warning: format '%d' expects argument of type 'int *', but argument 4 has type 'float *' [-Wformat=]
  scanf("%d%d%d", &a, &b, &c);
              ^
gcc -o Task1.exe problem2.o problem4.o problem5.o problem6.o problem8.o 
00:21:45 **** Incremental Build of configuration Debug for project Task1 ****
Info: Internal Builder is used for build
gcc -O0 -g3 -Wall -c -fmessage-length=0 -o problem8.o "..\\problem8.c" 
gcc -o Task1.exe problem2.o problem4.o problem5.o problem6.o problem8.o 
Info: Nothing to build for Task1
00:22:40 **** Incremental Build of configuration Debug for project Task1 ****
Info: Internal Builder is used for build
gcc -O0 -g3 -Wall -c -fmessage-length=0 -o problem8.o "..\\problem8.c" 
gcc -o Task1.exe problem2.o problem4.o problem5.o problem6.o problem8.o 
Info: Nothing to build for Task1
00:29:11 **** Incremental Build of configuration Debug for project Task1 ****
Info: Internal Builder is used for build
gcc -O0 -g3 -Wall -c -fmessage-length=0 -o problem8.o "..\\problem8.c" 
gcc -o Task1.exe problem2.o problem4.o problem5.o problem6.o problem8.o 
Info: Nothing to build for Task1
00:30:09 **** Incremental Build of configuration Debug for project Task1 ****
Info: Internal Builder is used for build
gcc -O0 -g3 -Wall -c -fmessage-length=0 -o problem8.o "..\\problem8.c" 
gcc -o Task1.exe problem2.o problem4.o problem5.o problem6.o problem8.o 
Info: Nothing to build for Task1
00:38:09 **** Incremental Build of configuration Debug for project Task1 ****
Info: Internal Builder is used for build
gcc -O0 -g3 -Wall -c -fmessage-length=0 -o problem8.o "..\\problem8.c" 
gcc -O0 -g3 -Wall -c -fmessage-length=0 -o problem9.o "..\\problem9.c" 
..\problem9.c: In function 'main':
..\problem9.c:33:8: error: expected expression before '{' token
  obj = {"mohamed", "jan", 1, 2000, 01142600910};
        ^
..\problem9.c:33:36: error: invalid digit "9" in octal constant
  obj = {"mohamed", "jan", 1, 2000, 01142600910};
                                    ^~~~~~~~~~~
..\problem9.c:32:14: warning: variable 'obj' set but not used [-Wunused-but-set-variable]
  struct data obj;
              ^~~
00:38:43 **** Incremental Build of configuration Debug for project Task1 ****
Info: Internal Builder is used for build
gcc -O0 -g3 -Wall -c -fmessage-length=0 -o problem9.o "..\\problem9.c" 
..\problem9.c: In function 'main':
..\problem9.c:32:32: warning: initialization makes integer from pointer without a cast [-Wint-conversion]
  struct data obj = {"mohamed", "jan", 1, 2000, 01142600910};;
                                ^~~~~
..\problem9.c:32:32: note: (near initialization for 'obj.dob.month')
..\problem9.c:32:48: error: invalid digit "9" in octal constant
  struct data obj = {"mohamed", "jan", 1, 2000, 01142600910};;
                                                ^~~~~~~~~~~
..\problem9.c:32:20: warning: missing braces around initializer [-Wmissing-braces]
  struct data obj = {"mohamed", "jan", 1, 2000, 01142600910};;
                    ^
..\problem9.c:32:20: note: (near initialization for 'obj')
..\problem9.c:32:14: warning: unused variable 'obj' [-Wunused-variable]
  struct data obj = {"mohamed", "jan", 1, 2000, 01142600910};;
              ^~~
00:39:08 **** Incremental Build of configuration Debug for project Task1 ****
Info: Internal Builder is used for build
gcc -O0 -g3 -Wall -c -fmessage-length=0 -o problem9.o "..\\problem9.c" 
..\problem9.c: In function 'main':
..\problem9.c:32:48: error: invalid digit "9" in octal constant
  struct data obj = {"mohamed", "jan", 1, 2000, 01142600910};;
                                                ^~~~~~~~~~~
..\problem9.c:32:20: warning: missing braces around initializer [-Wmissing-braces]
  struct data obj = {"mohamed", "jan", 1, 2000, 01142600910};;
                    ^
..\problem9.c:32:20: note: (near initialization for 'obj')
..\problem9.c:32:14: warning: unused variable 'obj' [-Wunused-variable]
  struct data obj = {"mohamed", "jan", 1, 2000, 01142600910};;
              ^~~
00:39:37 **** Incremental Build of configuration Debug for project Task1 ****
Info: Internal Builder is used for build
gcc -O0 -g3 -Wall -c -fmessage-length=0 -o problem9.o "..\\problem9.c" 
..\problem9.c: In function 'main':
..\problem9.c:32:20: warning: missing braces around initializer [-Wmissing-braces]
  struct data obj = {"mohamed", "jan", 1, 2000, "01142600910"};;
                    ^
..\problem9.c:32:20: note: (near initialization for 'obj')
..\problem9.c:32:14: warning: unused variable 'obj' [-Wunused-variable]
  struct data obj = {"mohamed", "jan", 1, 2000, "01142600910"};;
              ^~~
gcc -o Task1.exe problem2.o problem4.o problem5.o problem6.o problem8.o problem9.o 
00:39:55 **** Incremental Build of configuration Debug for project Task1 ****
Info: Internal Builder is used for build
gcc -O0 -g3 -Wall -c -fmessage-length=0 -o problem9.o "..\\problem9.c" 
..\problem9.c: In function 'main':
..\problem9.c:32:20: warning: missing braces around initializer [-Wmissing-braces]
  struct data obj = {"mohamed", "jan", 1, 2000, "01142600910"};
                    ^
..\problem9.c:32:20: note: (near initialization for 'obj')
..\problem9.c:32:14: warning: unused variable 'obj' [-Wunused-variable]
  struct data obj = {"mohamed", "jan", 1, 2000, "01142600910"};
              ^~~
gcc -o Task1.exe problem2.o problem4.o problem5.o problem6.o problem8.o problem9.o 
00:40:27 **** Incremental Build of configuration Debug for project Task1 ****
Info: Internal Builder is used for build
gcc -O0 -g3 -Wall -c -fmessage-length=0 -o problem9.o "..\\problem9.c" 
..\problem9.c: In function 'main':
..\problem9.c:32:14: warning: unused variable 'obj' [-Wunused-variable]
  struct data obj = {"mohamed", {"jan", 1, 2000}, "01142600910"};
              ^~~
gcc -o Task1.exe problem2.o problem4.o problem5.o problem6.o problem8.o problem9.o 
00:44:28 **** Incremental Build of configuration Debug for project Task1 ****
Info: Internal Builder is used for build
gcc -O0 -g3 -Wall -c -fmessage-length=0 -o problem9.o "..\\problem9.c" 
gcc -o Task1.exe problem2.o problem4.o problem5.o problem6.o problem8.o problem9.o 
Info: Nothing to build for Task1
00:44:49 **** Incremental Build of configuration Debug for project Task1 ****
Info: Internal Builder is used for build
gcc -O0 -g3 -Wall -c -fmessage-length=0 -o problem9.o "..\\problem9.c" 
gcc -o Task1.exe problem2.o problem4.o problem5.o problem6.o problem8.o problem9.o 
Info: Nothing to build for Task1
